Build started 2/15/2017 9:06:03 AM.
     1>Project "C:\Users\161159U\Desktop\Studio Project\src\DM2199\Application\Application.vcxproj" on node 2 (Build target(s)).
     1>ClCompile:
         C:\Program Files (x86)\Microsoft Visual Studio 12.0\VC\bin\CL.exe /c /I"C:\Users\161159U\Desktop\Studio Project\src\DM2199\\Common\Source" /I"C:\Users\161159U\Desktop\Studio Project\src\DM2199\\glfw\include" /I"C:\Users\161159U\Desktop\Studio Project\src\DM2199\\glew\include" /ZI /nologo /W3 /WX- /Od /Oy- /D WIN32 /D _DEBUG /D _CONSOLE /D _LIB /D _UNICODE /D UNICODE /Gm /EHsc /RTC1 /MDd /GS /fp:precise /Zc:wchar_t /Zc:forScope /Fo"Debug\\" /Fd"Debug\vc120.pdb" /Gd /TP /analyze- /errorReport:prompt Source\SceneBase.cpp
         SceneBase.cpp
     1>c:\users\161159u\desktop\studio project\src\dm2199\application\source\scenebase.cpp(316): warning C4018: '<' : signed/unsigned mismatch
       Link:
         C:\Program Files (x86)\Microsoft Visual Studio 12.0\VC\bin\link.exe /ERRORREPORT:PROMPT /OUT:"C:\Users\161159U\Desktop\Studio Project\src\DM2199\Debug\Application.exe" /INCREMENTAL /NOLOGO /LIBPATH:"C:\Users\161159U\Desktop\Studio Project\src\DM2199\Debug" /LIBPATH:"C:\Users\161159U\Desktop\Studio Project\src\DM2199\\glfw\lib-msvc120" /LIBPATH:"C:\Users\161159U\Desktop\Studio Project\src\DM2199\\glew\lib" glew32.lib glfw3.lib opengl32.lib winmm.lib Common.lib kernel32.lib user32.lib gdi32.lib winspool.lib comdlg32.lib advapi32.lib shell32.lib ole32.lib oleaut32.lib uuid.lib odbc32.lib odbccp32.lib /MANIFEST /MANIFESTUAC:"level='asInvoker' uiAccess='false'" /manifest:embed /DEBUG /PDB:"C:\Users\161159U\Desktop\Studio Project\src\DM2199\Debug\Application.pdb" /SUBSYSTEM:CONSOLE /TLBID:1 /DYNAMICBASE /NXCOMPAT /IMPLIB:"C:\Users\161159U\Desktop\Studio Project\src\DM2199\Debug\Application.lib" /MACHINE:X86 Debug\Application.obj
         Debug\Bullet.obj
         Debug\Camera.obj
         Debug\Camera2.obj
         Debug\Camera3.obj
         Debug\Enemy.obj
         Debug\FactoryObject.obj
         Debug\Light.obj
         Debug\LoadOBJ.obj
         Debug\LoadTGA.obj
         Debug\main.obj
         Debug\Material.obj
         Debug\Mesh.obj
         Debug\MeshBuilder.obj
         Debug\Object.obj
         Debug\SceneBase.obj
         Debug\SceneMainMenu.obj
         Debug\SceneSplash.obj
         Debug\shader.obj
         Debug\Sound.obj
         Debug\Utility.obj
     1>LINK : warning LNK4098: defaultlib 'MSVCRT' conflicts with use of other libs; use /NODEFAULTLIB:library
         Application.vcxproj -> C:\Users\161159U\Desktop\Studio Project\src\DM2199\Debug\Application.exe
     1>Done Building Project "C:\Users\161159U\Desktop\Studio Project\src\DM2199\Application\Application.vcxproj" (Build target(s)).

Build succeeded.

Time Elapsed 00:00:14.36
