c:\users\160540a\desktop\dm2122_assignment1_160540a_lai_wei_jing_eugene\application\debug\vc120.pdb
c:\users\160540a\desktop\dm2122_assignment1_160540a_lai_wei_jing_eugene\application\debug\vc120.idb
c:\users\160540a\desktop\dm2122_assignment1_160540a_lai_wei_jing_eugene\application\debug\application.obj
c:\users\160540a\desktop\dm2122_assignment1_160540a_lai_wei_jing_eugene\application\debug\camera.obj
c:\users\160540a\desktop\dm2122_assignment1_160540a_lai_wei_jing_eugene\application\debug\main.obj
c:\users\160540a\desktop\dm2122_assignment1_160540a_lai_wei_jing_eugene\application\debug\mesh.obj
c:\users\160540a\desktop\dm2122_assignment1_160540a_lai_wei_jing_eugene\application\debug\meshbuilder.obj
c:\users\160540a\desktop\dm2122_assignment1_160540a_lai_wei_jing_eugene\application\debug\scene1.obj
c:\users\160540a\desktop\dm2122_assignment1_160540a_lai_wei_jing_eugene\application\debug\scene2.obj
c:\users\160540a\desktop\dm2122_assignment1_160540a_lai_wei_jing_eugene\application\debug\scene3.obj
c:\users\160540a\desktop\dm2122_assignment1_160540a_lai_wei_jing_eugene\application\debug\scenea.obj
c:\users\160540a\desktop\dm2122_assignment1_160540a_lai_wei_jing_eugene\application\debug\shader.obj
c:\users\160540a\desktop\dm2122_assignment1_160540a_lai_wei_jing_eugene\debug\application.ilk
c:\users\160540a\desktop\dm2122_assignment1_160540a_lai_wei_jing_eugene\debug\application.exe
c:\users\160540a\desktop\dm2122_assignment1_160540a_lai_wei_jing_eugene\debug\application.pdb
c:\users\160540a\desktop\dm2122_assignment1_160540a_lai_wei_jing_eugene\application\debug\application.tlog\cl.command.1.tlog
c:\users\160540a\desktop\dm2122_assignment1_160540a_lai_wei_jing_eugene\application\debug\application.tlog\cl.read.1.tlog
c:\users\160540a\desktop\dm2122_assignment1_160540a_lai_wei_jing_eugene\application\debug\application.tlog\cl.write.1.tlog
c:\users\160540a\desktop\dm2122_assignment1_160540a_lai_wei_jing_eugene\application\debug\application.tlog\link.command.1.tlog
c:\users\160540a\desktop\dm2122_assignment1_160540a_lai_wei_jing_eugene\application\debug\application.tlog\link.read.1.tlog
c:\users\160540a\desktop\dm2122_assignment1_160540a_lai_wei_jing_eugene\application\debug\application.tlog\link.write.1.tlog
