Build started 2/15/2017 2:55:13 AM.
     1>Project "D:\DM2199\src\DM2199\Application\Application.vcxproj" on node 2 (Build target(s)).
     1>ClCompile:
         C:\Program Files (x86)\Microsoft Visual Studio 12.0\VC\bin\CL.exe /c /ID:\DM2199\src\DM2199\\Common\Source /ID:\DM2199\src\DM2199\\glfw\include /ID:\DM2199\src\DM2199\\glew\include /Zi /nologo /W3 /WX- /O2 /Oi /Oy- /GL /D WIN32 /D NDEBUG /D _CONSOLE /D _LIB /D _UNICODE /D UNICODE /Gm- /EHsc /MD /GS /Gy /fp:precise /Zc:wchar_t /Zc:forScope /Fo"Release\\" /Fd"Release\vc120.pdb" /Gd /TP /analyze- /errorReport:prompt Source\Application.cpp
         Application.cpp
       Link:
         C:\Program Files (x86)\Microsoft Visual Studio 12.0\VC\bin\link.exe /ERRORREPORT:PROMPT /OUT:"D:\DM2199\src\DM2199\Release\Application.exe" /INCREMENTAL:NO /NOLOGO /LIBPATH:D:\DM2199\src\DM2199\Release /LIBPATH:"D:\DM2199\src\DM2199\\glfw\lib-msvc120" /LIBPATH:D:\DM2199\src\DM2199\\glew\lib glew32.lib glfw3.lib opengl32.lib winmm.lib Common.lib kernel32.lib user32.lib gdi32.lib winspool.lib comdlg32.lib advapi32.lib shell32.lib ole32.lib oleaut32.lib uuid.lib odbc32.lib odbccp32.lib /MANIFEST /MANIFESTUAC:"level='asInvoker' uiAccess='false'" /manifest:embed /DEBUG /PDB:"D:\DM2199\src\DM2199\Release\Application.pdb" /SUBSYSTEM:CONSOLE /OPT:REF /OPT:ICF /LTCG /TLBID:1 /DYNAMICBASE /NXCOMPAT /IMPLIB:"D:\DM2199\src\DM2199\Release\Application.lib" /MACHINE:X86 /SAFESEH Release\Application.obj
         Release\Bullet.obj
         Release\Camera.obj
         Release\Camera2.obj
         Release\Camera3.obj
         Release\Enemy.obj
         Release\FactoryObject.obj
         Release\Light.obj
         Release\LoadOBJ.obj
         Release\LoadTGA.obj
         Release\main.obj
         Release\Material.obj
         Release\Mesh.obj
         Release\MeshBuilder.obj
         Release\Object.obj
         Release\SceneBase.obj
         Release\SceneMainMenu.obj
         Release\SceneSplash.obj
         Release\shader.obj
         Release\Sound.obj
         Release\Utility.obj
         Generating code
         Finished generating code
         Application.vcxproj -> D:\DM2199\src\DM2199\Release\Application.exe
     1>Done Building Project "D:\DM2199\src\DM2199\Application\Application.vcxproj" (Build target(s)).

Build succeeded.

Time Elapsed 00:00:06.54
